#Software: Microsoft Internet Information Services 10.0
#Version: 1.0
#Date: 2019-02-13 21:38:07
#Fields: date time c-ip cs-username s-ip s-port cs-method cs-uri-stem sc-status sc-win32-status sc-substatus x-session x-fullpath
2019-02-13 21:38:07 ::1 - ::1 21 ControlChannelOpened - - 0 0 79ed0cf7-8e70-42c0-99c8-7d990a1b82ed -
2019-02-13 21:38:07 ::1 - ::1 21 USER anonymous 530 11001 37 79ed0cf7-8e70-42c0-99c8-7d990a1b82ed -
2019-02-13 21:38:07 ::1 - ::1 21 QUIT - 221 0 0 79ed0cf7-8e70-42c0-99c8-7d990a1b82ed -
2019-02-13 21:38:07 ::1 - ::1 21 ControlChannelClosed - - 0 0 79ed0cf7-8e70-42c0-99c8-7d990a1b82ed -
2019-02-13 21:38:24 ::1 - ::1 21 ControlChannelOpened - - 0 0 adbb65e5-977d-4266-9b0c-dddf7a5e9e6e -
2019-02-13 21:38:24 ::1 - ::1 21 USER eattendance 530 11001 37 adbb65e5-977d-4266-9b0c-dddf7a5e9e6e -
2019-02-13 21:38:24 ::1 - ::1 21 QUIT - 221 0 0 adbb65e5-977d-4266-9b0c-dddf7a5e9e6e -
2019-02-13 21:38:24 ::1 - ::1 21 ControlChannelClosed - - 0 0 adbb65e5-977d-4266-9b0c-dddf7a5e9e6e -
2019-02-13 21:38:38 ::1 - ::1 21 ControlChannelOpened - - 0 0 0d7c3474-ad21-4f0c-bda3-4368050747e9 -
2019-02-13 21:38:38 ::1 - ::1 21 USER eattendance 530 11001 37 0d7c3474-ad21-4f0c-bda3-4368050747e9 -
2019-02-13 21:38:38 ::1 - ::1 21 QUIT - 221 0 0 0d7c3474-ad21-4f0c-bda3-4368050747e9 -
2019-02-13 21:38:38 ::1 - ::1 21 ControlChannelClosed - - 0 0 0d7c3474-ad21-4f0c-bda3-4368050747e9 -
2019-02-13 21:38:44 ::1 - ::1 21 ControlChannelOpened - - 0 0 eb487f48-9be2-43a7-b04c-fc2a4a1ae8ee -
2019-02-13 21:38:44 ::1 - ::1 21 USER sahil 530 11001 37 eb487f48-9be2-43a7-b04c-fc2a4a1ae8ee -
2019-02-13 21:38:44 ::1 - ::1 21 QUIT - 221 0 0 eb487f48-9be2-43a7-b04c-fc2a4a1ae8ee -
2019-02-13 21:38:44 ::1 - ::1 21 ControlChannelClosed - - 0 0 eb487f48-9be2-43a7-b04c-fc2a4a1ae8ee -
